<?xml version="1.0" encoding="UTF-8"?>
<testsuite name="com.c11.umastagram.model.UserTest" tests="1" skipped="0" failures="0" errors="0" timestamp="2025-10-30T03:47:43.624Z" hostname="Alexangelos-MacBook-Air.local" time="0.0">
  <properties/>
  <testcase name="testUserCreation()" classname="com.c11.umastagram.model.UserTest" time="0.0"/>
  <system-out><![CDATA[]]></system-out>
  <system-err><![CDATA[]]></system-err>
</testsuite>
