<?xml version="1.0" encoding="UTF-8"?>
<testsuite name="com.c11.umastagram.posts.PostsControllerTest" tests="9" skipped="0" failures="0" errors="0" timestamp="2025-10-30T03:47:44.671Z" hostname="Alexangelos-MacBook-Air.local" time="0.113">
  <properties/>
  <testcase name="testGetPostById()" classname="com.c11.umastagram.posts.PostsControllerTest" time="0.072"/>
  <testcase name="testGetPostsByUser()" classname="com.c11.umastagram.posts.PostsControllerTest" time="0.01"/>
  <testcase name="testDeletePostNotFound()" classname="com.c11.umastagram.posts.PostsControllerTest" time="0.003"/>
  <testcase name="testCreatePostMissingText()" classname="com.c11.umastagram.posts.PostsControllerTest" time="0.013"/>
  <testcase name="testCreatePostMissingUserId()" classname="com.c11.umastagram.posts.PostsControllerTest" time="0.002"/>
  <testcase name="testGetAllPosts()" classname="com.c11.umastagram.posts.PostsControllerTest" time="0.002"/>
  <testcase name="testGetPostByIdNotFound()" classname="com.c11.umastagram.posts.PostsControllerTest" time="0.002"/>
  <testcase name="testDeletePost()" classname="com.c11.umastagram.posts.PostsControllerTest" time="0.002"/>
  <testcase name="testCreatePostSuccess()" classname="com.c11.umastagram.posts.PostsControllerTest" time="0.003"/>
  <system-out><![CDATA[20:47:43.682 [Test worker] INFO org.springframework.test.context.support.AnnotationConfigContextLoaderUtils -- Could not detect default configuration classes for test class [com.c11.umastagram.posts.PostsControllerTest]: PostsControllerTest does not declare any static, non-private, non-final, nested classes annotated with @Configuration.
20:47:43.732 [Test worker] INFO org.springframework.boot.test.context.SpringBootTestContextBootstrapper -- Found @SpringBootConfiguration com.c11.umastagram.UmastagramApplication for test class com.c11.umastagram.posts.PostsControllerTest

  .   ____          _            __ _ _
 /\\ / ___'_ __ _ _(_)_ __  __ _ \ \ \ \
( ( )\___ | '_ | '_| | '_ \/ _` | \ \ \ \
 \\/  ___)| |_)| | | | | || (_| |  ) ) ) )
  '  |____| .__|_| |_|_| |_\__, | / / / /
 =========|_|==============|___/=/_/_/_/

 :: Spring Boot ::                (v3.5.6)

2025-10-29T20:47:43.893-07:00  INFO 82425 --- [umastagram-test] [    Test worker] c.c.u.posts.PostsControllerTest          : Starting PostsControllerTest using Java 17.0.16 with PID 82425 (started by alexangeloorozco in /Users/alexangeloorozco/Documents/Umastagram_BE)
2025-10-29T20:47:43.893-07:00  INFO 82425 --- [umastagram-test] [    Test worker] c.c.u.posts.PostsControllerTest          : The following 1 profile is active: "test"
2025-10-29T20:47:44.653-07:00  INFO 82425 --- [umastagram-test] [    Test worker] o.s.b.t.m.w.SpringBootMockServletContext : Initializing Spring TestDispatcherServlet ''
2025-10-29T20:47:44.653-07:00  INFO 82425 --- [umastagram-test] [    Test worker] o.s.t.web.servlet.TestDispatcherServlet  : Initializing Servlet ''
2025-10-29T20:47:44.654-07:00  INFO 82425 --- [umastagram-test] [    Test worker] o.s.t.web.servlet.TestDispatcherServlet  : Completed initialization in 0 ms
2025-10-29T20:47:44.669-07:00  INFO 82425 --- [umastagram-test] [    Test worker] c.c.u.posts.PostsControllerTest          : Started PostsControllerTest in 0.902 seconds (process running for 1.322)
]]></system-out>
  <system-err><![CDATA[]]></system-err>
</testsuite>
